<?xml version="1.0" encoding="UTF-8"?>
<!-- Generated by org.testng.reporters.JUnitXMLReporter -->
<testsuite ignored="0" hostname="DESKTOP-G0V8S5A" failures="0" tests="5" name="Surefire test" time="15.231" errors="0" timestamp="2024-08-27T09:40:23 IST">
  <testcase classname="scode.ECommerceTesting.Tests.LoginPageTest" name="emptyEmail" time="0.139"/>
  <testcase classname="scode.ECommerceTesting.Tests.LoginPageTest" name="emptyEmailAndPassword" time="0.149"/>
  <testcase classname="scode.ECommerceTesting.Tests.LoginPageTest" name="emptyPassword" time="0.159"/>
  <testcase classname="scode.ECommerceTesting.Tests.LoginPageTest" name="incorrecCredentials" time="0.306"/>
  <testcase classname="scode.ECommerceTesting.Tests.LoginPageTest" name="loginValidation" time="0.423"/>
</testsuite> <!-- Surefire test -->
