<?xml version="1.0" encoding="UTF-8"?>
<!-- Generated by org.testng.reporters.JUnitXMLReporter -->
<testsuite ignored="17" hostname="DESKTOP-G0V8S5A" failures="0" tests="1" name="Default test" time="8.315" errors="0" timestamp="2024-08-28T15:21:05 IST">
  <testcase classname="scode.ECommerceTesting.Tests.RegisterPageTest" name="gotoLogin" time="5.195"/>
  <testcase classname="scode.ECommerceTesting.Tests.RegisterPageTest" name="duplicateEmail" time="0.0">
    <ignored/>
  </testcase> <!-- duplicateEmail -->
  <testcase classname="scode.ECommerceTesting.Tests.RegisterPageTest" name="phnoWithChars" time="0.0">
    <ignored/>
  </testcase> <!-- phnoWithChars -->
  <testcase classname="scode.ECommerceTesting.Tests.RegisterPageTest" name="register" time="0.0">
    <ignored/>
  </testcase> <!-- register -->
  <testcase classname="scode.ECommerceTesting.Tests.RegisterPageTest" name="emptyData" time="0.0">
    <ignored/>
  </testcase> <!-- emptyData -->
  <testcase classname="scode.ECommerceTesting.Tests.RegisterPageTest" name="invalidEmailFormat" time="0.0">
    <ignored/>
  </testcase> <!-- invalidEmailFormat -->
  <testcase classname="scode.ECommerceTesting.Tests.RegisterPageTest" name="passwordwithNoSmall" time="0.0">
    <ignored/>
  </testcase> <!-- passwordwithNoSmall -->
  <testcase classname="scode.ECommerceTesting.Tests.RegisterPageTest" name="invalidEmail" time="0.0">
    <ignored/>
  </testcase> <!-- invalidEmail -->
  <testcase classname="scode.ECommerceTesting.Tests.RegisterPageTest" name="passwordwithNoDigits" time="0.0">
    <ignored/>
  </testcase> <!-- passwordwithNoDigits -->
  <testcase classname="scode.ECommerceTesting.Tests.RegisterPageTest" name="numericPassword" time="0.0">
    <ignored/>
  </testcase> <!-- numericPassword -->
  <testcase classname="scode.ECommerceTesting.Tests.RegisterPageTest" name="phnoWithMorethanTen" time="0.0">
    <ignored/>
  </testcase> <!-- phnoWithMorethanTen -->
  <testcase classname="scode.ECommerceTesting.Tests.RegisterPageTest" name="passwordMismatch" time="0.0">
    <ignored/>
  </testcase> <!-- passwordMismatch -->
  <testcase classname="scode.ECommerceTesting.Tests.RegisterPageTest" name="phnoWithLessthanTen" time="0.0">
    <ignored/>
  </testcase> <!-- phnoWithLessthanTen -->
  <testcase classname="scode.ECommerceTesting.Tests.RegisterPageTest" name="passwordLength" time="0.0">
    <ignored/>
  </testcase> <!-- passwordLength -->
  <testcase classname="scode.ECommerceTesting.Tests.RegisterPageTest" name="passwordwithNoCaps" time="0.0">
    <ignored/>
  </testcase> <!-- passwordwithNoCaps -->
  <testcase classname="scode.ECommerceTesting.Tests.RegisterPageTest" name="registerPageVisting" time="0.0">
    <ignored/>
  </testcase> <!-- registerPageVisting -->
  <testcase classname="scode.ECommerceTesting.Tests.RegisterPageTest" name="invalidPhNo" time="0.0">
    <ignored/>
  </testcase> <!-- invalidPhNo -->
  <testcase classname="scode.ECommerceTesting.Tests.RegisterPageTest" name="emptyLastName" time="0.0">
    <ignored/>
  </testcase> <!-- emptyLastName -->
</testsuite> <!-- Default test -->
