<?xml version="1.0" encoding="UTF-8"?>
<!-- Generated by org.testng.reporters.JUnitXMLReporter -->
<testsuite ignored="0" hostname="DESKTOP-G0V8S5A" failures="0" tests="12" name="Forgot Password Page" time="38.094" errors="0" timestamp="2024-08-27T12:40:29 IST">
  <testcase classname="scode.ECommerceTesting.Tests.ForgotPasswordPageTest" name="changePassword" time="6.218"/>
  <testcase classname="scode.ECommerceTesting.Tests.ForgotPasswordPageTest" name="emptyConfirmPassword" time="0.209"/>
  <testcase classname="scode.ECommerceTesting.Tests.ForgotPasswordPageTest" name="emptyEmail" time="0.237"/>
  <testcase classname="scode.ECommerceTesting.Tests.ForgotPasswordPageTest" name="emptyFileds" time="0.204"/>
  <testcase classname="scode.ECommerceTesting.Tests.ForgotPasswordPageTest" name="emptyPassword" time="0.249"/>
  <testcase classname="scode.ECommerceTesting.Tests.ForgotPasswordPageTest" name="gotoLogin" time="0.102"/>
  <testcase classname="scode.ECommerceTesting.Tests.ForgotPasswordPageTest" name="gotoRegister" time="0.112"/>
  <testcase classname="scode.ECommerceTesting.Tests.ForgotPasswordPageTest" name="invalidEmail" time="0.197"/>
  <testcase classname="scode.ECommerceTesting.Tests.ForgotPasswordPageTest" name="loginWithOldPassword" time="0.371"/>
  <testcase classname="scode.ECommerceTesting.Tests.ForgotPasswordPageTest" name="notAUser" time="1.458"/>
  <testcase classname="scode.ECommerceTesting.Tests.ForgotPasswordPageTest" name="passwordMismatch" time="0.226"/>
  <testcase classname="scode.ECommerceTesting.Tests.ForgotPasswordPageTest" name="visitPage" time="0.071"/>
</testsuite> <!-- Forgot Password Page -->
