<?xml version="1.0" encoding="UTF-8"?>
<!-- Generated by org.testng.reporters.JUnitXMLReporter -->
<testsuite ignored="0" hostname="DESKTOP-G0V8S5A" failures="0" tests="6" name="Login Page" time="16.839" errors="0" timestamp="2024-08-28T15:21:29 IST">
  <testcase classname="scode.ECommerceTesting.Tests.LoginPageTest" name="emptyEmail" time="0.156"/>
  <testcase classname="scode.ECommerceTesting.Tests.LoginPageTest" name="emptyEmailAndPassword" time="0.154"/>
  <testcase classname="scode.ECommerceTesting.Tests.LoginPageTest" name="emptyPassword" time="0.189"/>
  <testcase classname="scode.ECommerceTesting.Tests.LoginPageTest" name="incorrecCredentials" time="0.287"/>
  <testcase classname="scode.ECommerceTesting.Tests.LoginPageTest" name="invalidEmail" time="0.146"/>
  <testcase classname="scode.ECommerceTesting.Tests.LoginPageTest" name="loginValidation" time="0.386"/>
</testsuite> <!-- Login Page -->
