<?xml version="1.0" encoding="UTF-8"?>
<!-- Generated by org.testng.reporters.JUnitXMLReporter -->
<testsuite ignored="0" hostname="DESKTOP-G0V8S5A" failures="0" tests="5" name="Login Page" time="13.915" errors="0" timestamp="2024-08-27T12:40:05 IST">
  <testcase classname="scode.ECommerceTesting.Tests.LoginPageTest" name="emptyEmail" time="0.151"/>
  <testcase classname="scode.ECommerceTesting.Tests.LoginPageTest" name="emptyEmailAndPassword" time="0.154"/>
  <testcase classname="scode.ECommerceTesting.Tests.LoginPageTest" name="emptyPassword" time="0.207"/>
  <testcase classname="scode.ECommerceTesting.Tests.LoginPageTest" name="incorrecCredentials" time="0.373"/>
  <testcase classname="scode.ECommerceTesting.Tests.LoginPageTest" name="loginValidation" time="0.365"/>
</testsuite> <!-- Login Page -->
