<?xml version="1.0" encoding="UTF-8"?>
<testng-results ignored="0" total="5" passed="5" failed="0" skipped="0">
  <reporter-output>
  </reporter-output>
  <suite started-at="2024-08-27T09:40:07 IST" name="Surefire suite" finished-at="2024-08-27T09:40:23 IST" duration-ms="15231">
    <groups>
      <group name="ErrorHandling">
        <method signature="LoginPageTest.emptyEmail()[pri:0, instance:scode.ECommerceTesting.Tests.LoginPageTest@3901d134]" name="emptyEmail" class="scode.ECommerceTesting.Tests.LoginPageTest"/>
        <method signature="LoginPageTest.emptyEmailAndPassword()[pri:0, instance:scode.ECommerceTesting.Tests.LoginPageTest@3901d134]" name="emptyEmailAndPassword" class="scode.ECommerceTesting.Tests.LoginPageTest"/>
        <method signature="LoginPageTest.emptyPassword()[pri:0, instance:scode.ECommerceTesting.Tests.LoginPageTest@3901d134]" name="emptyPassword" class="scode.ECommerceTesting.Tests.LoginPageTest"/>
        <method signature="LoginPageTest.incorrecCredentials()[pri:0, instance:scode.ECommerceTesting.Tests.LoginPageTest@3901d134]" name="incorrecCredentials" class="scode.ECommerceTesting.Tests.LoginPageTest"/>
      </group> <!-- ErrorHandling -->
    </groups>
    <test started-at="2024-08-27T09:40:07 IST" name="Surefire test" finished-at="2024-08-27T09:40:23 IST" duration-ms="15231">
      <class name="scode.ECommerceTesting.Tests.LoginPageTest">
        <test-method is-config="true" signature="launchApplication()[pri:0, instance:scode.ECommerceTesting.Tests.LoginPageTest@3901d134]" started-at="2024-08-27T09:40:08 IST" name="launchApplication" finished-at="2024-08-27T09:40:11 IST" duration-ms="3355" status="PASS">
          <reporter-output>
          </reporter-output>
        </test-method> <!-- launchApplication -->
        <test-method signature="emptyEmail()[pri:0, instance:scode.ECommerceTesting.Tests.LoginPageTest@3901d134]" started-at="2024-08-27T09:40:11 IST" name="emptyEmail" finished-at="2024-08-27T09:40:11 IST" duration-ms="139" status="PASS">
          <reporter-output>
          </reporter-output>
        </test-method> <!-- emptyEmail -->
        <test-method is-config="true" signature="after()[pri:0, instance:scode.ECommerceTesting.Tests.LoginPageTest@3901d134]" started-at="2024-08-27T09:40:11 IST" name="after" finished-at="2024-08-27T09:40:11 IST" duration-ms="158" status="PASS">
          <reporter-output>
          </reporter-output>
        </test-method> <!-- after -->
        <test-method is-config="true" signature="launchApplication()[pri:0, instance:scode.ECommerceTesting.Tests.LoginPageTest@3901d134]" started-at="2024-08-27T09:40:11 IST" name="launchApplication" finished-at="2024-08-27T09:40:14 IST" duration-ms="2495" status="PASS">
          <reporter-output>
          </reporter-output>
        </test-method> <!-- launchApplication -->
        <test-method signature="emptyEmailAndPassword()[pri:0, instance:scode.ECommerceTesting.Tests.LoginPageTest@3901d134]" started-at="2024-08-27T09:40:14 IST" name="emptyEmailAndPassword" finished-at="2024-08-27T09:40:14 IST" duration-ms="149" status="PASS">
          <reporter-output>
          </reporter-output>
        </test-method> <!-- emptyEmailAndPassword -->
        <test-method is-config="true" signature="after()[pri:0, instance:scode.ECommerceTesting.Tests.LoginPageTest@3901d134]" started-at="2024-08-27T09:40:14 IST" name="after" finished-at="2024-08-27T09:40:14 IST" duration-ms="69" status="PASS">
          <reporter-output>
          </reporter-output>
        </test-method> <!-- after -->
        <test-method is-config="true" signature="launchApplication()[pri:0, instance:scode.ECommerceTesting.Tests.LoginPageTest@3901d134]" started-at="2024-08-27T09:40:14 IST" name="launchApplication" finished-at="2024-08-27T09:40:17 IST" duration-ms="2727" status="PASS">
          <reporter-output>
          </reporter-output>
        </test-method> <!-- launchApplication -->
        <test-method signature="emptyPassword()[pri:0, instance:scode.ECommerceTesting.Tests.LoginPageTest@3901d134]" started-at="2024-08-27T09:40:17 IST" name="emptyPassword" finished-at="2024-08-27T09:40:17 IST" duration-ms="159" status="PASS">
          <reporter-output>
          </reporter-output>
        </test-method> <!-- emptyPassword -->
        <test-method is-config="true" signature="after()[pri:0, instance:scode.ECommerceTesting.Tests.LoginPageTest@3901d134]" started-at="2024-08-27T09:40:17 IST" name="after" finished-at="2024-08-27T09:40:17 IST" duration-ms="72" status="PASS">
          <reporter-output>
          </reporter-output>
        </test-method> <!-- after -->
        <test-method is-config="true" signature="launchApplication()[pri:0, instance:scode.ECommerceTesting.Tests.LoginPageTest@3901d134]" started-at="2024-08-27T09:40:17 IST" name="launchApplication" finished-at="2024-08-27T09:40:19 IST" duration-ms="2477" status="PASS">
          <reporter-output>
          </reporter-output>
        </test-method> <!-- launchApplication -->
        <test-method signature="incorrecCredentials()[pri:0, instance:scode.ECommerceTesting.Tests.LoginPageTest@3901d134]" started-at="2024-08-27T09:40:19 IST" name="incorrecCredentials" finished-at="2024-08-27T09:40:20 IST" duration-ms="306" status="PASS">
          <reporter-output>
          </reporter-output>
        </test-method> <!-- incorrecCredentials -->
        <test-method is-config="true" signature="after()[pri:0, instance:scode.ECommerceTesting.Tests.LoginPageTest@3901d134]" started-at="2024-08-27T09:40:20 IST" name="after" finished-at="2024-08-27T09:40:20 IST" duration-ms="31" status="PASS">
          <reporter-output>
          </reporter-output>
        </test-method> <!-- after -->
        <test-method is-config="true" signature="launchApplication()[pri:0, instance:scode.ECommerceTesting.Tests.LoginPageTest@3901d134]" started-at="2024-08-27T09:40:20 IST" name="launchApplication" finished-at="2024-08-27T09:40:22 IST" duration-ms="2589" status="PASS">
          <reporter-output>
          </reporter-output>
        </test-method> <!-- launchApplication -->
        <test-method signature="loginValidation(java.util.HashMap)[pri:0, instance:scode.ECommerceTesting.Tests.LoginPageTest@3901d134]" started-at="2024-08-27T09:40:22 IST" name="loginValidation" data-provider="getData" finished-at="2024-08-27T09:40:23 IST" duration-ms="423" status="PASS">
          <params>
            <param index="0">
              <value>
                <![CDATA[{prodName=ZARA COAT 3, password=151Fa04124@4517, email=santhoshsai4517@gmail.com}]]>
              </value>
            </param>
          </params>
          <reporter-output>
          </reporter-output>
        </test-method> <!-- loginValidation -->
        <test-method is-config="true" signature="after()[pri:0, instance:scode.ECommerceTesting.Tests.LoginPageTest@3901d134]" started-at="2024-08-27T09:40:23 IST" name="after" finished-at="2024-08-27T09:40:23 IST" duration-ms="36" status="PASS">
          <reporter-output>
          </reporter-output>
        </test-method> <!-- after -->
      </class> <!-- scode.ECommerceTesting.Tests.LoginPageTest -->
    </test> <!-- Surefire test -->
  </suite> <!-- Surefire suite -->
</testng-results>
