<?xml version="1.0" encoding="UTF-8"?>
<testng-results ignored="0" total="1" passed="1" failed="0" skipped="0">
  <reporter-output>
  </reporter-output>
  <suite started-at="2024-08-27T12:58:06 IST" name="Default suite" finished-at="2024-08-27T12:58:09 IST" duration-ms="2711">
    <groups>
      <group name="ErrorHandling">
        <method signature="LoginPageTest.invalidEmail()[pri:0, instance:scode.ECommerceTesting.Tests.LoginPageTest@543295b0]" name="invalidEmail" class="scode.ECommerceTesting.Tests.LoginPageTest"/>
      </group> <!-- ErrorHandling -->
    </groups>
    <test started-at="2024-08-27T12:58:06 IST" name="Default test" finished-at="2024-08-27T12:58:09 IST" duration-ms="2711">
      <class name="scode.ECommerceTesting.Tests.LoginPageTest">
        <test-method is-config="true" signature="launchApplication()[pri:0, instance:scode.ECommerceTesting.Tests.LoginPageTest@543295b0]" started-at="2024-08-27T12:58:06 IST" name="launchApplication" finished-at="2024-08-27T12:58:08 IST" duration-ms="2451" status="PASS">
          <reporter-output>
          </reporter-output>
        </test-method> <!-- launchApplication -->
        <test-method signature="invalidEmail()[pri:0, instance:scode.ECommerceTesting.Tests.LoginPageTest@543295b0]" started-at="2024-08-27T12:58:08 IST" name="invalidEmail" finished-at="2024-08-27T12:58:09 IST" duration-ms="153" status="PASS">
          <reporter-output>
          </reporter-output>
        </test-method> <!-- invalidEmail -->
        <test-method is-config="true" signature="after()[pri:0, instance:scode.ECommerceTesting.Tests.LoginPageTest@543295b0]" started-at="2024-08-27T12:58:09 IST" name="after" finished-at="2024-08-27T12:58:09 IST" duration-ms="74" status="PASS">
          <reporter-output>
          </reporter-output>
        </test-method> <!-- after -->
      </class> <!-- scode.ECommerceTesting.Tests.LoginPageTest -->
    </test> <!-- Default test -->
  </suite> <!-- Default suite -->
</testng-results>
