<?xml version="1.0" encoding="UTF-8"?>
<testng-results ignored="0" total="18" passed="18" failed="0" skipped="0">
  <reporter-output>
  </reporter-output>
  <suite started-at="2024-08-28T15:21:13 IST" name="Suite" finished-at="2024-08-28T15:21:54 IST" duration-ms="41626">
    <groups>
      <group name="ErrorHandling">
        <method signature="LoginPageTest.emptyEmail()[pri:0, instance:scode.ECommerceTesting.Tests.LoginPageTest@5d0bf09b]" name="emptyEmail" class="scode.ECommerceTesting.Tests.LoginPageTest"/>
        <method signature="LoginPageTest.emptyEmailAndPassword()[pri:0, instance:scode.ECommerceTesting.Tests.LoginPageTest@5d0bf09b]" name="emptyEmailAndPassword" class="scode.ECommerceTesting.Tests.LoginPageTest"/>
        <method signature="LoginPageTest.emptyPassword()[pri:0, instance:scode.ECommerceTesting.Tests.LoginPageTest@5d0bf09b]" name="emptyPassword" class="scode.ECommerceTesting.Tests.LoginPageTest"/>
        <method signature="LoginPageTest.incorrecCredentials()[pri:0, instance:scode.ECommerceTesting.Tests.LoginPageTest@5d0bf09b]" name="incorrecCredentials" class="scode.ECommerceTesting.Tests.LoginPageTest"/>
        <method signature="LoginPageTest.invalidEmail()[pri:0, instance:scode.ECommerceTesting.Tests.LoginPageTest@5d0bf09b]" name="invalidEmail" class="scode.ECommerceTesting.Tests.LoginPageTest"/>
        <method signature="ForgotPasswordPageTest.emptyConfirmPassword()[pri:0, instance:scode.ECommerceTesting.Tests.ForgotPasswordPageTest@5c80cf32]" name="emptyConfirmPassword" class="scode.ECommerceTesting.Tests.ForgotPasswordPageTest"/>
        <method signature="ForgotPasswordPageTest.emptyEmail()[pri:0, instance:scode.ECommerceTesting.Tests.ForgotPasswordPageTest@5c80cf32]" name="emptyEmail" class="scode.ECommerceTesting.Tests.ForgotPasswordPageTest"/>
        <method signature="ForgotPasswordPageTest.emptyFileds()[pri:0, instance:scode.ECommerceTesting.Tests.ForgotPasswordPageTest@5c80cf32]" name="emptyFileds" class="scode.ECommerceTesting.Tests.ForgotPasswordPageTest"/>
        <method signature="ForgotPasswordPageTest.emptyPassword()[pri:0, instance:scode.ECommerceTesting.Tests.ForgotPasswordPageTest@5c80cf32]" name="emptyPassword" class="scode.ECommerceTesting.Tests.ForgotPasswordPageTest"/>
        <method signature="ForgotPasswordPageTest.invalidEmail()[pri:0, instance:scode.ECommerceTesting.Tests.ForgotPasswordPageTest@5c80cf32]" name="invalidEmail" class="scode.ECommerceTesting.Tests.ForgotPasswordPageTest"/>
        <method signature="ForgotPasswordPageTest.loginWithOldPassword(java.util.HashMap)[pri:0, instance:scode.ECommerceTesting.Tests.ForgotPasswordPageTest@5c80cf32]" name="loginWithOldPassword" class="scode.ECommerceTesting.Tests.ForgotPasswordPageTest"/>
        <method signature="ForgotPasswordPageTest.notAUser()[pri:0, instance:scode.ECommerceTesting.Tests.ForgotPasswordPageTest@5c80cf32]" name="notAUser" class="scode.ECommerceTesting.Tests.ForgotPasswordPageTest"/>
        <method signature="ForgotPasswordPageTest.passwordMismatch()[pri:0, instance:scode.ECommerceTesting.Tests.ForgotPasswordPageTest@5c80cf32]" name="passwordMismatch" class="scode.ECommerceTesting.Tests.ForgotPasswordPageTest"/>
      </group> <!-- ErrorHandling -->
    </groups>
    <test started-at="2024-08-28T15:21:13 IST" name="Login Page" finished-at="2024-08-28T15:21:29 IST" duration-ms="16839">
      <class name="scode.ECommerceTesting.Tests.LoginPageTest">
        <test-method is-config="true" signature="launchApplication()[pri:0, instance:scode.ECommerceTesting.Tests.LoginPageTest@5d0bf09b]" started-at="2024-08-28T15:21:13 IST" name="launchApplication" finished-at="2024-08-28T15:21:16 IST" duration-ms="3083" status="PASS">
          <reporter-output>
          </reporter-output>
        </test-method> <!-- launchApplication -->
        <test-method signature="emptyEmail()[pri:0, instance:scode.ECommerceTesting.Tests.LoginPageTest@5d0bf09b]" started-at="2024-08-28T15:21:16 IST" name="emptyEmail" finished-at="2024-08-28T15:21:16 IST" duration-ms="156" status="PASS">
          <reporter-output>
          </reporter-output>
        </test-method> <!-- emptyEmail -->
        <test-method is-config="true" signature="after()[pri:0, instance:scode.ECommerceTesting.Tests.LoginPageTest@5d0bf09b]" started-at="2024-08-28T15:21:16 IST" name="after" finished-at="2024-08-28T15:21:16 IST" duration-ms="101" status="PASS">
          <reporter-output>
          </reporter-output>
        </test-method> <!-- after -->
        <test-method is-config="true" signature="launchApplication()[pri:0, instance:scode.ECommerceTesting.Tests.LoginPageTest@5d0bf09b]" started-at="2024-08-28T15:21:16 IST" name="launchApplication" finished-at="2024-08-28T15:21:18 IST" duration-ms="1750" status="PASS">
          <reporter-output>
          </reporter-output>
        </test-method> <!-- launchApplication -->
        <test-method signature="emptyEmailAndPassword()[pri:0, instance:scode.ECommerceTesting.Tests.LoginPageTest@5d0bf09b]" started-at="2024-08-28T15:21:18 IST" name="emptyEmailAndPassword" finished-at="2024-08-28T15:21:18 IST" duration-ms="154" status="PASS">
          <reporter-output>
          </reporter-output>
        </test-method> <!-- emptyEmailAndPassword -->
        <test-method is-config="true" signature="after()[pri:0, instance:scode.ECommerceTesting.Tests.LoginPageTest@5d0bf09b]" started-at="2024-08-28T15:21:18 IST" name="after" finished-at="2024-08-28T15:21:18 IST" duration-ms="83" status="PASS">
          <reporter-output>
          </reporter-output>
        </test-method> <!-- after -->
        <test-method is-config="true" signature="launchApplication()[pri:0, instance:scode.ECommerceTesting.Tests.LoginPageTest@5d0bf09b]" started-at="2024-08-28T15:21:18 IST" name="launchApplication" finished-at="2024-08-28T15:21:21 IST" duration-ms="2742" status="PASS">
          <reporter-output>
          </reporter-output>
        </test-method> <!-- launchApplication -->
        <test-method signature="emptyPassword()[pri:0, instance:scode.ECommerceTesting.Tests.LoginPageTest@5d0bf09b]" started-at="2024-08-28T15:21:21 IST" name="emptyPassword" finished-at="2024-08-28T15:21:21 IST" duration-ms="189" status="PASS">
          <reporter-output>
          </reporter-output>
        </test-method> <!-- emptyPassword -->
        <test-method is-config="true" signature="after()[pri:0, instance:scode.ECommerceTesting.Tests.LoginPageTest@5d0bf09b]" started-at="2024-08-28T15:21:21 IST" name="after" finished-at="2024-08-28T15:21:21 IST" duration-ms="99" status="PASS">
          <reporter-output>
          </reporter-output>
        </test-method> <!-- after -->
        <test-method is-config="true" signature="launchApplication()[pri:0, instance:scode.ECommerceTesting.Tests.LoginPageTest@5d0bf09b]" started-at="2024-08-28T15:21:21 IST" name="launchApplication" finished-at="2024-08-28T15:21:24 IST" duration-ms="2696" status="PASS">
          <reporter-output>
          </reporter-output>
        </test-method> <!-- launchApplication -->
        <test-method signature="incorrecCredentials()[pri:0, instance:scode.ECommerceTesting.Tests.LoginPageTest@5d0bf09b]" started-at="2024-08-28T15:21:24 IST" name="incorrecCredentials" finished-at="2024-08-28T15:21:24 IST" duration-ms="287" status="PASS">
          <reporter-output>
          </reporter-output>
        </test-method> <!-- incorrecCredentials -->
        <test-method is-config="true" signature="after()[pri:0, instance:scode.ECommerceTesting.Tests.LoginPageTest@5d0bf09b]" started-at="2024-08-28T15:21:24 IST" name="after" finished-at="2024-08-28T15:21:24 IST" duration-ms="99" status="PASS">
          <reporter-output>
          </reporter-output>
        </test-method> <!-- after -->
        <test-method is-config="true" signature="launchApplication()[pri:0, instance:scode.ECommerceTesting.Tests.LoginPageTest@5d0bf09b]" started-at="2024-08-28T15:21:24 IST" name="launchApplication" finished-at="2024-08-28T15:21:27 IST" duration-ms="2889" status="PASS">
          <reporter-output>
          </reporter-output>
        </test-method> <!-- launchApplication -->
        <test-method signature="invalidEmail()[pri:0, instance:scode.ECommerceTesting.Tests.LoginPageTest@5d0bf09b]" started-at="2024-08-28T15:21:27 IST" name="invalidEmail" finished-at="2024-08-28T15:21:27 IST" duration-ms="146" status="PASS">
          <reporter-output>
          </reporter-output>
        </test-method> <!-- invalidEmail -->
        <test-method is-config="true" signature="after()[pri:0, instance:scode.ECommerceTesting.Tests.LoginPageTest@5d0bf09b]" started-at="2024-08-28T15:21:27 IST" name="after" finished-at="2024-08-28T15:21:27 IST" duration-ms="105" status="PASS">
          <reporter-output>
          </reporter-output>
        </test-method> <!-- after -->
        <test-method is-config="true" signature="launchApplication()[pri:0, instance:scode.ECommerceTesting.Tests.LoginPageTest@5d0bf09b]" started-at="2024-08-28T15:21:27 IST" name="launchApplication" finished-at="2024-08-28T15:21:29 IST" duration-ms="1753" status="PASS">
          <reporter-output>
          </reporter-output>
        </test-method> <!-- launchApplication -->
        <test-method signature="loginValidation(java.util.HashMap)[pri:0, instance:scode.ECommerceTesting.Tests.LoginPageTest@5d0bf09b]" started-at="2024-08-28T15:21:29 IST" name="loginValidation" data-provider="getData" finished-at="2024-08-28T15:21:29 IST" duration-ms="386" status="PASS">
          <params>
            <param index="0">
              <value>
                <![CDATA[{password=151Fa04124@4517, email=santhoshsai4517@gmail.com}]]>
              </value>
            </param>
          </params>
          <reporter-output>
          </reporter-output>
        </test-method> <!-- loginValidation -->
        <test-method is-config="true" signature="after()[pri:0, instance:scode.ECommerceTesting.Tests.LoginPageTest@5d0bf09b]" started-at="2024-08-28T15:21:29 IST" name="after" finished-at="2024-08-28T15:21:29 IST" duration-ms="81" status="PASS">
          <reporter-output>
          </reporter-output>
        </test-method> <!-- after -->
      </class> <!-- scode.ECommerceTesting.Tests.LoginPageTest -->
    </test> <!-- Login Page -->
    <test started-at="2024-08-28T15:21:13 IST" name="Forgot Password Page" finished-at="2024-08-28T15:21:54 IST" duration-ms="41626">
      <class name="scode.ECommerceTesting.Tests.ForgotPasswordPageTest">
        <test-method is-config="true" signature="launchApplication()[pri:0, instance:scode.ECommerceTesting.Tests.ForgotPasswordPageTest@5c80cf32]" started-at="2024-08-28T15:21:13 IST" name="launchApplication" finished-at="2024-08-28T15:21:16 IST" duration-ms="3021" status="PASS">
          <reporter-output>
          </reporter-output>
        </test-method> <!-- launchApplication -->
        <test-method signature="changePassword(java.util.HashMap)[pri:0, instance:scode.ECommerceTesting.Tests.ForgotPasswordPageTest@5c80cf32]" started-at="2024-08-28T15:21:16 IST" name="changePassword" data-provider="getData" finished-at="2024-08-28T15:21:22 IST" duration-ms="6124" status="PASS">
          <params>
            <param index="0">
              <value>
                <![CDATA[{oldpassword=151Fa04124@4517, newpassword=123, email=santhoshsai@gmail.com}]]>
              </value>
            </param>
          </params>
          <reporter-output>
          </reporter-output>
        </test-method> <!-- changePassword -->
        <test-method is-config="true" signature="after()[pri:0, instance:scode.ECommerceTesting.Tests.ForgotPasswordPageTest@5c80cf32]" started-at="2024-08-28T15:21:22 IST" name="after" finished-at="2024-08-28T15:21:22 IST" duration-ms="138" status="PASS">
          <reporter-output>
          </reporter-output>
        </test-method> <!-- after -->
        <test-method is-config="true" signature="launchApplication()[pri:0, instance:scode.ECommerceTesting.Tests.ForgotPasswordPageTest@5c80cf32]" started-at="2024-08-28T15:21:22 IST" name="launchApplication" finished-at="2024-08-28T15:21:24 IST" duration-ms="1866" status="PASS">
          <reporter-output>
          </reporter-output>
        </test-method> <!-- launchApplication -->
        <test-method signature="emptyConfirmPassword()[pri:0, instance:scode.ECommerceTesting.Tests.ForgotPasswordPageTest@5c80cf32]" started-at="2024-08-28T15:21:24 IST" name="emptyConfirmPassword" finished-at="2024-08-28T15:21:24 IST" duration-ms="291" status="PASS">
          <reporter-output>
          </reporter-output>
        </test-method> <!-- emptyConfirmPassword -->
        <test-method is-config="true" signature="after()[pri:0, instance:scode.ECommerceTesting.Tests.ForgotPasswordPageTest@5c80cf32]" started-at="2024-08-28T15:21:24 IST" name="after" finished-at="2024-08-28T15:21:24 IST" duration-ms="113" status="PASS">
          <reporter-output>
          </reporter-output>
        </test-method> <!-- after -->
        <test-method is-config="true" signature="launchApplication()[pri:0, instance:scode.ECommerceTesting.Tests.ForgotPasswordPageTest@5c80cf32]" started-at="2024-08-28T15:21:24 IST" name="launchApplication" finished-at="2024-08-28T15:21:27 IST" duration-ms="2708" status="PASS">
          <reporter-output>
          </reporter-output>
        </test-method> <!-- launchApplication -->
        <test-method signature="emptyEmail()[pri:0, instance:scode.ECommerceTesting.Tests.ForgotPasswordPageTest@5c80cf32]" started-at="2024-08-28T15:21:27 IST" name="emptyEmail" finished-at="2024-08-28T15:21:27 IST" duration-ms="242" status="PASS">
          <reporter-output>
          </reporter-output>
        </test-method> <!-- emptyEmail -->
        <test-method is-config="true" signature="after()[pri:0, instance:scode.ECommerceTesting.Tests.ForgotPasswordPageTest@5c80cf32]" started-at="2024-08-28T15:21:27 IST" name="after" finished-at="2024-08-28T15:21:27 IST" duration-ms="110" status="PASS">
          <reporter-output>
          </reporter-output>
        </test-method> <!-- after -->
        <test-method is-config="true" signature="launchApplication()[pri:0, instance:scode.ECommerceTesting.Tests.ForgotPasswordPageTest@5c80cf32]" started-at="2024-08-28T15:21:27 IST" name="launchApplication" finished-at="2024-08-28T15:21:30 IST" duration-ms="2859" status="PASS">
          <reporter-output>
          </reporter-output>
        </test-method> <!-- launchApplication -->
        <test-method signature="emptyFileds()[pri:0, instance:scode.ECommerceTesting.Tests.ForgotPasswordPageTest@5c80cf32]" started-at="2024-08-28T15:21:30 IST" name="emptyFileds" finished-at="2024-08-28T15:21:30 IST" duration-ms="223" status="PASS">
          <reporter-output>
          </reporter-output>
        </test-method> <!-- emptyFileds -->
        <test-method is-config="true" signature="after()[pri:0, instance:scode.ECommerceTesting.Tests.ForgotPasswordPageTest@5c80cf32]" started-at="2024-08-28T15:21:30 IST" name="after" finished-at="2024-08-28T15:21:30 IST" duration-ms="100" status="PASS">
          <reporter-output>
          </reporter-output>
        </test-method> <!-- after -->
        <test-method is-config="true" signature="launchApplication()[pri:0, instance:scode.ECommerceTesting.Tests.ForgotPasswordPageTest@5c80cf32]" started-at="2024-08-28T15:21:30 IST" name="launchApplication" finished-at="2024-08-28T15:21:34 IST" duration-ms="3254" status="PASS">
          <reporter-output>
          </reporter-output>
        </test-method> <!-- launchApplication -->
        <test-method signature="emptyPassword()[pri:0, instance:scode.ECommerceTesting.Tests.ForgotPasswordPageTest@5c80cf32]" started-at="2024-08-28T15:21:34 IST" name="emptyPassword" finished-at="2024-08-28T15:21:34 IST" duration-ms="244" status="PASS">
          <reporter-output>
          </reporter-output>
        </test-method> <!-- emptyPassword -->
        <test-method is-config="true" signature="after()[pri:0, instance:scode.ECommerceTesting.Tests.ForgotPasswordPageTest@5c80cf32]" started-at="2024-08-28T15:21:34 IST" name="after" finished-at="2024-08-28T15:21:34 IST" duration-ms="79" status="PASS">
          <reporter-output>
          </reporter-output>
        </test-method> <!-- after -->
        <test-method is-config="true" signature="launchApplication()[pri:0, instance:scode.ECommerceTesting.Tests.ForgotPasswordPageTest@5c80cf32]" started-at="2024-08-28T15:21:34 IST" name="launchApplication" finished-at="2024-08-28T15:21:37 IST" duration-ms="3033" status="PASS">
          <reporter-output>
          </reporter-output>
        </test-method> <!-- launchApplication -->
        <test-method signature="gotoLogin()[pri:0, instance:scode.ECommerceTesting.Tests.ForgotPasswordPageTest@5c80cf32]" started-at="2024-08-28T15:21:37 IST" name="gotoLogin" finished-at="2024-08-28T15:21:37 IST" duration-ms="117" status="PASS">
          <reporter-output>
          </reporter-output>
        </test-method> <!-- gotoLogin -->
        <test-method is-config="true" signature="after()[pri:0, instance:scode.ECommerceTesting.Tests.ForgotPasswordPageTest@5c80cf32]" started-at="2024-08-28T15:21:37 IST" name="after" finished-at="2024-08-28T15:21:37 IST" duration-ms="76" status="PASS">
          <reporter-output>
          </reporter-output>
        </test-method> <!-- after -->
        <test-method is-config="true" signature="launchApplication()[pri:0, instance:scode.ECommerceTesting.Tests.ForgotPasswordPageTest@5c80cf32]" started-at="2024-08-28T15:21:37 IST" name="launchApplication" finished-at="2024-08-28T15:21:41 IST" duration-ms="3330" status="PASS">
          <reporter-output>
          </reporter-output>
        </test-method> <!-- launchApplication -->
        <test-method signature="gotoRegister()[pri:0, instance:scode.ECommerceTesting.Tests.ForgotPasswordPageTest@5c80cf32]" started-at="2024-08-28T15:21:41 IST" name="gotoRegister" finished-at="2024-08-28T15:21:41 IST" duration-ms="110" status="PASS">
          <reporter-output>
          </reporter-output>
        </test-method> <!-- gotoRegister -->
        <test-method is-config="true" signature="after()[pri:0, instance:scode.ECommerceTesting.Tests.ForgotPasswordPageTest@5c80cf32]" started-at="2024-08-28T15:21:41 IST" name="after" finished-at="2024-08-28T15:21:41 IST" duration-ms="87" status="PASS">
          <reporter-output>
          </reporter-output>
        </test-method> <!-- after -->
        <test-method is-config="true" signature="launchApplication()[pri:0, instance:scode.ECommerceTesting.Tests.ForgotPasswordPageTest@5c80cf32]" started-at="2024-08-28T15:21:41 IST" name="launchApplication" finished-at="2024-08-28T15:21:44 IST" duration-ms="3032" status="PASS">
          <reporter-output>
          </reporter-output>
        </test-method> <!-- launchApplication -->
        <test-method signature="invalidEmail()[pri:0, instance:scode.ECommerceTesting.Tests.ForgotPasswordPageTest@5c80cf32]" started-at="2024-08-28T15:21:44 IST" name="invalidEmail" finished-at="2024-08-28T15:21:44 IST" duration-ms="194" status="PASS">
          <reporter-output>
          </reporter-output>
        </test-method> <!-- invalidEmail -->
        <test-method is-config="true" signature="after()[pri:0, instance:scode.ECommerceTesting.Tests.ForgotPasswordPageTest@5c80cf32]" started-at="2024-08-28T15:21:44 IST" name="after" finished-at="2024-08-28T15:21:44 IST" duration-ms="94" status="PASS">
          <reporter-output>
          </reporter-output>
        </test-method> <!-- after -->
        <test-method is-config="true" signature="launchApplication()[pri:0, instance:scode.ECommerceTesting.Tests.ForgotPasswordPageTest@5c80cf32]" started-at="2024-08-28T15:21:44 IST" name="launchApplication" finished-at="2024-08-28T15:21:46 IST" duration-ms="1863" status="PASS">
          <reporter-output>
          </reporter-output>
        </test-method> <!-- launchApplication -->
        <test-method signature="loginWithOldPassword(java.util.HashMap)[pri:0, instance:scode.ECommerceTesting.Tests.ForgotPasswordPageTest@5c80cf32]" started-at="2024-08-28T15:21:46 IST" name="loginWithOldPassword" data-provider="getData" finished-at="2024-08-28T15:21:46 IST" duration-ms="306" status="PASS">
          <params>
            <param index="0">
              <value>
                <![CDATA[{oldpassword=151Fa04124@4517, newpassword=123, email=santhoshsai@gmail.com}]]>
              </value>
            </param>
          </params>
          <reporter-output>
          </reporter-output>
        </test-method> <!-- loginWithOldPassword -->
        <test-method is-config="true" signature="after()[pri:0, instance:scode.ECommerceTesting.Tests.ForgotPasswordPageTest@5c80cf32]" started-at="2024-08-28T15:21:46 IST" name="after" finished-at="2024-08-28T15:21:46 IST" duration-ms="83" status="PASS">
          <reporter-output>
          </reporter-output>
        </test-method> <!-- after -->
        <test-method is-config="true" signature="launchApplication()[pri:0, instance:scode.ECommerceTesting.Tests.ForgotPasswordPageTest@5c80cf32]" started-at="2024-08-28T15:21:46 IST" name="launchApplication" finished-at="2024-08-28T15:21:48 IST" duration-ms="1888" status="PASS">
          <reporter-output>
          </reporter-output>
        </test-method> <!-- launchApplication -->
        <test-method signature="notAUser()[pri:0, instance:scode.ECommerceTesting.Tests.ForgotPasswordPageTest@5c80cf32]" started-at="2024-08-28T15:21:48 IST" name="notAUser" finished-at="2024-08-28T15:21:48 IST" duration-ms="293" status="PASS">
          <reporter-output>
          </reporter-output>
        </test-method> <!-- notAUser -->
        <test-method is-config="true" signature="after()[pri:0, instance:scode.ECommerceTesting.Tests.ForgotPasswordPageTest@5c80cf32]" started-at="2024-08-28T15:21:48 IST" name="after" finished-at="2024-08-28T15:21:49 IST" duration-ms="82" status="PASS">
          <reporter-output>
          </reporter-output>
        </test-method> <!-- after -->
        <test-method is-config="true" signature="launchApplication()[pri:0, instance:scode.ECommerceTesting.Tests.ForgotPasswordPageTest@5c80cf32]" started-at="2024-08-28T15:21:49 IST" name="launchApplication" finished-at="2024-08-28T15:21:51 IST" duration-ms="2579" status="PASS">
          <reporter-output>
          </reporter-output>
        </test-method> <!-- launchApplication -->
        <test-method signature="passwordMismatch()[pri:0, instance:scode.ECommerceTesting.Tests.ForgotPasswordPageTest@5c80cf32]" started-at="2024-08-28T15:21:51 IST" name="passwordMismatch" finished-at="2024-08-28T15:21:51 IST" duration-ms="225" status="PASS">
          <reporter-output>
          </reporter-output>
        </test-method> <!-- passwordMismatch -->
        <test-method is-config="true" signature="after()[pri:0, instance:scode.ECommerceTesting.Tests.ForgotPasswordPageTest@5c80cf32]" started-at="2024-08-28T15:21:51 IST" name="after" finished-at="2024-08-28T15:21:51 IST" duration-ms="92" status="PASS">
          <reporter-output>
          </reporter-output>
        </test-method> <!-- after -->
        <test-method is-config="true" signature="launchApplication()[pri:0, instance:scode.ECommerceTesting.Tests.ForgotPasswordPageTest@5c80cf32]" started-at="2024-08-28T15:21:51 IST" name="launchApplication" finished-at="2024-08-28T15:21:54 IST" duration-ms="2562" status="PASS">
          <reporter-output>
          </reporter-output>
        </test-method> <!-- launchApplication -->
        <test-method signature="visitPage()[pri:0, instance:scode.ECommerceTesting.Tests.ForgotPasswordPageTest@5c80cf32]" started-at="2024-08-28T15:21:54 IST" name="visitPage" finished-at="2024-08-28T15:21:54 IST" duration-ms="68" status="PASS">
          <reporter-output>
          </reporter-output>
        </test-method> <!-- visitPage -->
        <test-method is-config="true" signature="after()[pri:0, instance:scode.ECommerceTesting.Tests.ForgotPasswordPageTest@5c80cf32]" started-at="2024-08-28T15:21:54 IST" name="after" finished-at="2024-08-28T15:21:54 IST" duration-ms="90" status="PASS">
          <reporter-output>
          </reporter-output>
        </test-method> <!-- after -->
      </class> <!-- scode.ECommerceTesting.Tests.ForgotPasswordPageTest -->
    </test> <!-- Forgot Password Page -->
  </suite> <!-- Suite -->
</testng-results>
